<?xml version="1.0" encoding="UTF-8"?>
<testsuite xmlns:xsi="http://www.w3.org/2001/XMLSchema-instance" xsi:noNamespaceSchemaLocation="https://maven.apache.org/surefire/maven-surefire-plugin/xsd/surefire-test-report-3.0.xsd" version="3.0" name="edu.udla.isw.AppTest" time="0.033" tests="1" errors="0" skipped="0" failures="0">
  <properties>
    <property name="java.specification.version" value="17"/>
    <property name="sun.cpu.isalist" value="amd64"/>
    <property name="sun.jnu.encoding" value="Cp1252"/>
    <property name="java.class.path" value="C:\Users\Jose Perez\Desarrollo\IntegracionSistemas\camel-labs\lab01\camel-lab\target\test-classes;C:\Users\Jose Perez\Desarrollo\IntegracionSistemas\camel-labs\lab01\camel-lab\target\classes;C:\Users\Jose Perez\.m2\repository\org\apache\camel\camel-core\4.7.0\camel-core-4.7.0.jar;C:\Users\Jose Perez\.m2\repository\org\apache\camel\camel-core-engine\4.7.0\camel-core-engine-4.7.0.jar;C:\Users\Jose Perez\.m2\repository\org\apache\camel\camel-base-engine\4.7.0\camel-base-engine-4.7.0.jar;C:\Users\Jose Perez\.m2\repository\org\apache\camel\camel-core-reifier\4.7.0\camel-core-reifier-4.7.0.jar;C:\Users\Jose Perez\.m2\repository\org\apache\camel\camel-core-processor\4.7.0\camel-core-processor-4.7.0.jar;C:\Users\Jose Perez\.m2\repository\org\apache\camel\camel-core-languages\4.7.0\camel-core-languages-4.7.0.jar;C:\Users\Jose Perez\.m2\repository\org\apache\camel\camel-core-model\4.7.0\camel-core-model-4.7.0.jar;C:\Users\Jose Perez\.m2\repository\org\apache\camel\camel-xml-jaxp-util\4.7.0\camel-xml-jaxp-util-4.7.0.jar;C:\Users\Jose Perez\.m2\repository\org\apache\camel\camel-bean\4.7.0\camel-bean-4.7.0.jar;C:\Users\Jose Perez\.m2\repository\org\apache\camel\camel-browse\4.7.0\camel-browse-4.7.0.jar;C:\Users\Jose Perez\.m2\repository\org\apache\camel\camel-cluster\4.7.0\camel-cluster-4.7.0.jar;C:\Users\Jose Perez\.m2\repository\org\apache\camel\camel-controlbus\4.7.0\camel-controlbus-4.7.0.jar;C:\Users\Jose Perez\.m2\repository\org\apache\camel\camel-dataformat\4.7.0\camel-dataformat-4.7.0.jar;C:\Users\Jose Perez\.m2\repository\org\apache\camel\camel-dataset\4.7.0\camel-dataset-4.7.0.jar;C:\Users\Jose Perez\.m2\repository\org\apache\camel\camel-direct\4.7.0\camel-direct-4.7.0.jar;C:\Users\Jose Perez\.m2\repository\org\apache\camel\camel-health\4.7.0\camel-health-4.7.0.jar;C:\Users\Jose Perez\.m2\repository\org\apache\camel\camel-language\4.7.0\camel-language-4.7.0.jar;C:\Users\Jose Perez\.m2\repository\org\apache\camel\camel-log\4.7.0\camel-log-4.7.0.jar;C:\Users\Jose Perez\.m2\repository\org\apache\camel\camel-mock\4.7.0\camel-mock-4.7.0.jar;C:\Users\Jose Perez\.m2\repository\org\apache\camel\camel-ref\4.7.0\camel-ref-4.7.0.jar;C:\Users\Jose Perez\.m2\repository\org\apache\camel\camel-rest\4.7.0\camel-rest-4.7.0.jar;C:\Users\Jose Perez\.m2\repository\org\apache\camel\camel-tooling-model\4.7.0\camel-tooling-model-4.7.0.jar;C:\Users\Jose Perez\.m2\repository\org\apache\camel\camel-saga\4.7.0\camel-saga-4.7.0.jar;C:\Users\Jose Perez\.m2\repository\org\apache\camel\camel-scheduler\4.7.0\camel-scheduler-4.7.0.jar;C:\Users\Jose Perez\.m2\repository\org\apache\camel\camel-seda\4.7.0\camel-seda-4.7.0.jar;C:\Users\Jose Perez\.m2\repository\org\apache\camel\camel-stub\4.7.0\camel-stub-4.7.0.jar;C:\Users\Jose Perez\.m2\repository\org\apache\camel\camel-timer\4.7.0\camel-timer-4.7.0.jar;C:\Users\Jose Perez\.m2\repository\org\apache\camel\camel-validator\4.7.0\camel-validator-4.7.0.jar;C:\Users\Jose Perez\.m2\repository\org\apache\camel\camel-xpath\4.7.0\camel-xpath-4.7.0.jar;C:\Users\Jose Perez\.m2\repository\org\apache\camel\camel-xslt\4.7.0\camel-xslt-4.7.0.jar;C:\Users\Jose Perez\.m2\repository\org\apache\camel\camel-xml-io\4.7.0\camel-xml-io-4.7.0.jar;C:\Users\Jose Perez\.m2\repository\org\apache\camel\camel-xml-io-util\4.7.0\camel-xml-io-util-4.7.0.jar;C:\Users\Jose Perez\.m2\repository\org\apache\camel\camel-xml-jaxb\4.7.0\camel-xml-jaxb-4.7.0.jar;C:\Users\Jose Perez\.m2\repository\jakarta\xml\bind\jakarta.xml.bind-api\4.0.2\jakarta.xml.bind-api-4.0.2.jar;C:\Users\Jose Perez\.m2\repository\jakarta\activation\jakarta.activation-api\2.1.3\jakarta.activation-api-2.1.3.jar;C:\Users\Jose Perez\.m2\repository\com\sun\xml\bind\jaxb-core\4.0.5\jaxb-core-4.0.5.jar;C:\Users\Jose Perez\.m2\repository\org\eclipse\angus\angus-activation\2.0.2\angus-activation-2.0.2.jar;C:\Users\Jose Perez\.m2\repository\com\sun\xml\bind\jaxb-impl\4.0.5\jaxb-impl-4.0.5.jar;C:\Users\Jose Perez\.m2\repository\org\apache\camel\camel-xml-jaxp\4.7.0\camel-xml-jaxp-4.7.0.jar;C:\Users\Jose Perez\.m2\repository\org\apache\camel\camel-yaml-io\4.7.0\camel-yaml-io-4.7.0.jar;C:\Users\Jose Perez\.m2\repository\org\apache\camel\camel-core-catalog\4.7.0\camel-core-catalog-4.7.0.jar;C:\Users\Jose Perez\.m2\repository\org\apache\camel\camel-util-json\4.7.0\camel-util-json-4.7.0.jar;C:\Users\Jose Perez\.m2\repository\com\fasterxml\jackson\dataformat\jackson-dataformat-yaml\2.17.1\jackson-dataformat-yaml-2.17.1.jar;C:\Users\Jose Perez\.m2\repository\com\fasterxml\jackson\core\jackson-databind\2.17.1\jackson-databind-2.17.1.jar;C:\Users\Jose Perez\.m2\repository\com\fasterxml\jackson\core\jackson-annotations\2.17.1\jackson-annotations-2.17.1.jar;C:\Users\Jose Perez\.m2\repository\org\yaml\snakeyaml\2.2\snakeyaml-2.2.jar;C:\Users\Jose Perez\.m2\repository\com\fasterxml\jackson\core\jackson-core\2.17.1\jackson-core-2.17.1.jar;C:\Users\Jose Perez\.m2\repository\org\slf4j\slf4j-api\2.0.13\slf4j-api-2.0.13.jar;C:\Users\Jose Perez\.m2\repository\org\apache\camel\camel-main\4.7.0\camel-main-4.7.0.jar;C:\Users\Jose Perez\.m2\repository\org\apache\camel\camel-api\4.7.0\camel-api-4.7.0.jar;C:\Users\Jose Perez\.m2\repository\org\apache\camel\camel-base\4.7.0\camel-base-4.7.0.jar;C:\Users\Jose Perez\.m2\repository\org\apache\camel\camel-management-api\4.7.0\camel-management-api-4.7.0.jar;C:\Users\Jose Perez\.m2\repository\org\apache\camel\camel-support\4.7.0\camel-support-4.7.0.jar;C:\Users\Jose Perez\.m2\repository\org\apache\camel\camel-util\4.7.0\camel-util-4.7.0.jar;C:\Users\Jose Perez\.m2\repository\org\apache\camel\camel-file\4.7.0\camel-file-4.7.0.jar;C:\Users\Jose Perez\.m2\repository\commons-codec\commons-codec\1.17.0\commons-codec-1.17.0.jar;C:\Users\Jose Perez\.m2\repository\org\slf4j\slf4j-simple\2.0.13\slf4j-simple-2.0.13.jar;C:\Users\Jose Perez\.m2\repository\junit\junit\4.13.2\junit-4.13.2.jar;C:\Users\Jose Perez\.m2\repository\org\hamcrest\hamcrest-core\1.3\hamcrest-core-1.3.jar;"/>
    <property name="java.vm.vendor" value="Eclipse Adoptium"/>
    <property name="sun.arch.data.model" value="64"/>
    <property name="user.variant" value=""/>
    <property name="java.vendor.url" value="https://adoptium.net/"/>
    <property name="user.timezone" value="America/Guayaquil"/>
    <property name="os.name" value="Windows 11"/>
    <property name="java.vm.specification.version" value="17"/>
    <property name="sun.java.launcher" value="SUN_STANDARD"/>
    <property name="user.country" value="EC"/>
    <property name="sun.boot.library.path" value="C:\Program Files\Eclipse Adoptium\jdk-17.0.16.8-hotspot\bin"/>
    <property name="sun.java.command" value="C:\Users\Jose Perez\AppData\Local\Temp\surefire12298075937596864841\surefirebooter-20251024212940453_3.jar C:\Users\Jose Perez\AppData\Local\Temp\surefire12298075937596864841 2025-10-24T21-29-37_636-jvmRun1 surefire-20251024212940453_1tmp surefire_0-20251024212940453_2tmp"/>
    <property name="jdk.debug" value="release"/>
    <property name="surefire.test.class.path" value="C:\Users\Jose Perez\Desarrollo\IntegracionSistemas\camel-labs\lab01\camel-lab\target\test-classes;C:\Users\Jose Perez\Desarrollo\IntegracionSistemas\camel-labs\lab01\camel-lab\target\classes;C:\Users\Jose Perez\.m2\repository\org\apache\camel\camel-core\4.7.0\camel-core-4.7.0.jar;C:\Users\Jose Perez\.m2\repository\org\apache\camel\camel-core-engine\4.7.0\camel-core-engine-4.7.0.jar;C:\Users\Jose Perez\.m2\repository\org\apache\camel\camel-base-engine\4.7.0\camel-base-engine-4.7.0.jar;C:\Users\Jose Perez\.m2\repository\org\apache\camel\camel-core-reifier\4.7.0\camel-core-reifier-4.7.0.jar;C:\Users\Jose Perez\.m2\repository\org\apache\camel\camel-core-processor\4.7.0\camel-core-processor-4.7.0.jar;C:\Users\Jose Perez\.m2\repository\org\apache\camel\camel-core-languages\4.7.0\camel-core-languages-4.7.0.jar;C:\Users\Jose Perez\.m2\repository\org\apache\camel\camel-core-model\4.7.0\camel-core-model-4.7.0.jar;C:\Users\Jose Perez\.m2\repository\org\apache\camel\camel-xml-jaxp-util\4.7.0\camel-xml-jaxp-util-4.7.0.jar;C:\Users\Jose Perez\.m2\repository\org\apache\camel\camel-bean\4.7.0\camel-bean-4.7.0.jar;C:\Users\Jose Perez\.m2\repository\org\apache\camel\camel-browse\4.7.0\camel-browse-4.7.0.jar;C:\Users\Jose Perez\.m2\repository\org\apache\camel\camel-cluster\4.7.0\camel-cluster-4.7.0.jar;C:\Users\Jose Perez\.m2\repository\org\apache\camel\camel-controlbus\4.7.0\camel-controlbus-4.7.0.jar;C:\Users\Jose Perez\.m2\repository\org\apache\camel\camel-dataformat\4.7.0\camel-dataformat-4.7.0.jar;C:\Users\Jose Perez\.m2\repository\org\apache\camel\camel-dataset\4.7.0\camel-dataset-4.7.0.jar;C:\Users\Jose Perez\.m2\repository\org\apache\camel\camel-direct\4.7.0\camel-direct-4.7.0.jar;C:\Users\Jose Perez\.m2\repository\org\apache\camel\camel-health\4.7.0\camel-health-4.7.0.jar;C:\Users\Jose Perez\.m2\repository\org\apache\camel\camel-language\4.7.0\camel-language-4.7.0.jar;C:\Users\Jose Perez\.m2\repository\org\apache\camel\camel-log\4.7.0\camel-log-4.7.0.jar;C:\Users\Jose Perez\.m2\repository\org\apache\camel\camel-mock\4.7.0\camel-mock-4.7.0.jar;C:\Users\Jose Perez\.m2\repository\org\apache\camel\camel-ref\4.7.0\camel-ref-4.7.0.jar;C:\Users\Jose Perez\.m2\repository\org\apache\camel\camel-rest\4.7.0\camel-rest-4.7.0.jar;C:\Users\Jose Perez\.m2\repository\org\apache\camel\camel-tooling-model\4.7.0\camel-tooling-model-4.7.0.jar;C:\Users\Jose Perez\.m2\repository\org\apache\camel\camel-saga\4.7.0\camel-saga-4.7.0.jar;C:\Users\Jose Perez\.m2\repository\org\apache\camel\camel-scheduler\4.7.0\camel-scheduler-4.7.0.jar;C:\Users\Jose Perez\.m2\repository\org\apache\camel\camel-seda\4.7.0\camel-seda-4.7.0.jar;C:\Users\Jose Perez\.m2\repository\org\apache\camel\camel-stub\4.7.0\camel-stub-4.7.0.jar;C:\Users\Jose Perez\.m2\repository\org\apache\camel\camel-timer\4.7.0\camel-timer-4.7.0.jar;C:\Users\Jose Perez\.m2\repository\org\apache\camel\camel-validator\4.7.0\camel-validator-4.7.0.jar;C:\Users\Jose Perez\.m2\repository\org\apache\camel\camel-xpath\4.7.0\camel-xpath-4.7.0.jar;C:\Users\Jose Perez\.m2\repository\org\apache\camel\camel-xslt\4.7.0\camel-xslt-4.7.0.jar;C:\Users\Jose Perez\.m2\repository\org\apache\camel\camel-xml-io\4.7.0\camel-xml-io-4.7.0.jar;C:\Users\Jose Perez\.m2\repository\org\apache\camel\camel-xml-io-util\4.7.0\camel-xml-io-util-4.7.0.jar;C:\Users\Jose Perez\.m2\repository\org\apache\camel\camel-xml-jaxb\4.7.0\camel-xml-jaxb-4.7.0.jar;C:\Users\Jose Perez\.m2\repository\jakarta\xml\bind\jakarta.xml.bind-api\4.0.2\jakarta.xml.bind-api-4.0.2.jar;C:\Users\Jose Perez\.m2\repository\jakarta\activation\jakarta.activation-api\2.1.3\jakarta.activation-api-2.1.3.jar;C:\Users\Jose Perez\.m2\repository\com\sun\xml\bind\jaxb-core\4.0.5\jaxb-core-4.0.5.jar;C:\Users\Jose Perez\.m2\repository\org\eclipse\angus\angus-activation\2.0.2\angus-activation-2.0.2.jar;C:\Users\Jose Perez\.m2\repository\com\sun\xml\bind\jaxb-impl\4.0.5\jaxb-impl-4.0.5.jar;C:\Users\Jose Perez\.m2\repository\org\apache\camel\camel-xml-jaxp\4.7.0\camel-xml-jaxp-4.7.0.jar;C:\Users\Jose Perez\.m2\repository\org\apache\camel\camel-yaml-io\4.7.0\camel-yaml-io-4.7.0.jar;C:\Users\Jose Perez\.m2\repository\org\apache\camel\camel-core-catalog\4.7.0\camel-core-catalog-4.7.0.jar;C:\Users\Jose Perez\.m2\repository\org\apache\camel\camel-util-json\4.7.0\camel-util-json-4.7.0.jar;C:\Users\Jose Perez\.m2\repository\com\fasterxml\jackson\dataformat\jackson-dataformat-yaml\2.17.1\jackson-dataformat-yaml-2.17.1.jar;C:\Users\Jose Perez\.m2\repository\com\fasterxml\jackson\core\jackson-databind\2.17.1\jackson-databind-2.17.1.jar;C:\Users\Jose Perez\.m2\repository\com\fasterxml\jackson\core\jackson-annotations\2.17.1\jackson-annotations-2.17.1.jar;C:\Users\Jose Perez\.m2\repository\org\yaml\snakeyaml\2.2\snakeyaml-2.2.jar;C:\Users\Jose Perez\.m2\repository\com\fasterxml\jackson\core\jackson-core\2.17.1\jackson-core-2.17.1.jar;C:\Users\Jose Perez\.m2\repository\org\slf4j\slf4j-api\2.0.13\slf4j-api-2.0.13.jar;C:\Users\Jose Perez\.m2\repository\org\apache\camel\camel-main\4.7.0\camel-main-4.7.0.jar;C:\Users\Jose Perez\.m2\repository\org\apache\camel\camel-api\4.7.0\camel-api-4.7.0.jar;C:\Users\Jose Perez\.m2\repository\org\apache\camel\camel-base\4.7.0\camel-base-4.7.0.jar;C:\Users\Jose Perez\.m2\repository\org\apache\camel\camel-management-api\4.7.0\camel-management-api-4.7.0.jar;C:\Users\Jose Perez\.m2\repository\org\apache\camel\camel-support\4.7.0\camel-support-4.7.0.jar;C:\Users\Jose Perez\.m2\repository\org\apache\camel\camel-util\4.7.0\camel-util-4.7.0.jar;C:\Users\Jose Perez\.m2\repository\org\apache\camel\camel-file\4.7.0\camel-file-4.7.0.jar;C:\Users\Jose Perez\.m2\repository\commons-codec\commons-codec\1.17.0\commons-codec-1.17.0.jar;C:\Users\Jose Perez\.m2\repository\org\slf4j\slf4j-simple\2.0.13\slf4j-simple-2.0.13.jar;C:\Users\Jose Perez\.m2\repository\junit\junit\4.13.2\junit-4.13.2.jar;C:\Users\Jose Perez\.m2\repository\org\hamcrest\hamcrest-core\1.3\hamcrest-core-1.3.jar;"/>
    <property name="sun.cpu.endian" value="little"/>
    <property name="user.home" value="C:\Users\Jose Perez"/>
    <property name="user.language" value="es"/>
    <property name="java.specification.vendor" value="Oracle Corporation"/>
    <property name="java.version.date" value="2025-07-15"/>
    <property name="java.home" value="C:\Program Files\Eclipse Adoptium\jdk-17.0.16.8-hotspot"/>
    <property name="file.separator" value="\"/>
    <property name="basedir" value="C:\Users\Jose Perez\Desarrollo\IntegracionSistemas\camel-labs\lab01\camel-lab"/>
    <property name="java.vm.compressedOopsMode" value="Zero based"/>
    <property name="line.separator" value="&#10;"/>
    <property name="java.vm.specification.vendor" value="Oracle Corporation"/>
    <property name="java.specification.name" value="Java Platform API Specification"/>
    <property name="surefire.real.class.path" value="C:\Users\Jose Perez\AppData\Local\Temp\surefire12298075937596864841\surefirebooter-20251024212940453_3.jar"/>
    <property name="user.script" value=""/>
    <property name="sun.management.compiler" value="HotSpot 64-Bit Tiered Compilers"/>
    <property name="java.runtime.version" value="17.0.16+8"/>
    <property name="user.name" value="Jose Perez"/>
    <property name="path.separator" value=";"/>
    <property name="os.version" value="10.0"/>
    <property name="java.runtime.name" value="OpenJDK Runtime Environment"/>
    <property name="file.encoding" value="Cp1252"/>
    <property name="java.vm.name" value="OpenJDK 64-Bit Server VM"/>
    <property name="java.vendor.version" value="Temurin-17.0.16+8"/>
    <property name="localRepository" value="C:\Users\Jose Perez\.m2\repository"/>
    <property name="java.vendor.url.bug" value="https://github.com/adoptium/adoptium-support/issues"/>
    <property name="java.io.tmpdir" value="C:\Users\JOSEPE~1\AppData\Local\Temp\"/>
    <property name="java.version" value="17.0.16"/>
    <property name="user.dir" value="C:\Users\Jose Perez\Desarrollo\IntegracionSistemas\camel-labs\lab01\camel-lab"/>
    <property name="os.arch" value="amd64"/>
    <property name="java.vm.specification.name" value="Java Virtual Machine Specification"/>
    <property name="sun.os.patch.level" value=""/>
    <property name="native.encoding" value="Cp1252"/>
    <property name="java.library.path" value="C:\Program Files\Eclipse Adoptium\jdk-17.0.16.8-hotspot\bin;C:\WINDOWS\Sun\Java\bin;C:\WINDOWS\system32;C:\WINDOWS;C:\Program Files\Eclipse Adoptium\jdk-17.0.16.8-hotspot\bin;C:\Users\Jose Perez\Downloads\mongosh-2.4.2-win32-x64\bin;C:\Program Files\nodejs\;C:\Program Files (x86)\Microsoft SQL Server\160\DTS\Binn\;C:\Program Files (x86)\Microsoft SQL Server\160\Tools\Binn\;C:\Program Files\Microsoft SQL Server\160\Tools\Binn\;C:\Program Files\Microsoft SQL Server\Client SDK\ODBC\170\Tools\Binn\;C:\Program Files\Microsoft SQL Server\160\DTS\Binn\;C:\WINDOWS\system32;C:\WINDOWS;C:\WINDOWS\System32\Wbem;C:\WINDOWS\System32\WindowsPowerShell\v1.0\;C:\WINDOWS\System32\OpenSSH\;C:\Program Files\Microsoft SQL Server\130\DTS\Binn\;C:\Program Files\dotnet\;C:\Program Files\Maven\apache-maven-3.9.11\bin;C:\Program Files\Eclipse Adoptium\jdk-17.0.16.8-hotspot\bin;C:\Users\Jose Perez\AppData\Local\Programs\Python\Python37\Scripts\;C:\Users\Jose Perez\AppData\Local\Programs\Python\Python37\;C:\Users\Jose Perez\AppData\Local\Programs\Python\Python313\Scripts\;C:\Users\Jose Perez\AppData\Local\Programs\Python\Python313\;C:\Users\Jose Perez\Downloads\mongosh-2.4.2-win32-x64\bin;C:\Users\Jose Perez\AppData\Local\Programs\Microsoft VS Code\bin;C:\Users\Jose Perez\AppData\Local\Programs\Python\Python37\Scripts;C:\ProgramData\Microsoft\Windows\Start Menu\Programs\Node.js;C:\Program Files\MongoDB\Server\8.0\bin;C:\Program Files\MongoDB\mongosh-2.4.2-win32-x64\bin;C:\Users\Jose Perez\AppData\Roaming\npm;C:\Program Files\nodejs;C:\Program Files\Git\bin;C:\Program Files\Git\cmd;C:\Users\Jose Perez\AppData\Local\Programs\cursor\resources\app\bin;C:\Users\Jose Perez\AppData\Local\Microsoft\WindowsApps;C:\Users\Jose Perez\.dotnet\tools;c:\Users\Jose Perez\AppData\Roaming\Code\User\globalStorage\github.copilot-chat\debugCommand;."/>
    <property name="java.vm.info" value="mixed mode, sharing"/>
    <property name="java.vendor" value="Eclipse Adoptium"/>
    <property name="java.vm.version" value="17.0.16+8"/>
    <property name="java.specification.maintenance.version" value="1"/>
    <property name="sun.io.unicode.encoding" value="UnicodeLittle"/>
    <property name="java.class.version" value="61.0"/>
  </properties>
  <testcase name="testApp" classname="edu.udla.isw.AppTest" time="0.001"/>
</testsuite>